<?xml version="1.0" encoding="UTF-8"?>
<coverage generated="1714992873581" clover="3.2.0">
  <project timestamp="1714992873581" name="All files">
    <metrics statements="69" coveredstatements="69" conditionals="41" coveredconditionals="41" methods="17" coveredmethods="17" elements="127" coveredelements="127" complexity="0" loc="69" ncloc="69" packages="1" files="2" classes="2"/>
    <file name="index.ts" path="/Users/mamontovdmitrij/WebstormProjects/graphql-mesh-plugins/graphql-mesh-replace-config-transform/src/index.ts">
      <metrics statements="65" coveredstatements="65" conditionals="39" coveredconditionals="39" methods="16" coveredmethods="16"/>
      <line num="1" count="1" type="stmt"/>
      <line num="11" count="1" type="stmt"/>
      <line num="13" count="1" type="stmt"/>
      <line num="18" count="1" type="stmt"/>
      <line num="24" count="1" type="stmt"/>
      <line num="25" count="9" type="stmt"/>
      <line num="32" count="9" type="stmt"/>
      <line num="33" count="9" type="stmt"/>
      <line num="40" count="32" type="stmt"/>
      <line num="53" count="24" type="stmt"/>
      <line num="66" count="14" type="stmt"/>
      <line num="81" count="12" type="stmt"/>
      <line num="98" count="70" type="stmt"/>
      <line num="100" count="70" type="stmt"/>
      <line num="101" count="70" type="stmt"/>
      <line num="102" count="19" type="cond" truecount="1" falsecount="0"/>
      <line num="103" count="4" type="stmt"/>
      <line num="106" count="17" type="cond" truecount="1" falsecount="0"/>
      <line num="107" count="3" type="stmt"/>
      <line num="110" count="17" type="cond" truecount="1" falsecount="0"/>
      <line num="111" count="4" type="cond" truecount="1" falsecount="0"/>
      <line num="112" count="2" type="stmt"/>
      <line num="116" count="2" type="stmt"/>
      <line num="119" count="15" type="cond" truecount="1" falsecount="0"/>
      <line num="120" count="4" type="cond" truecount="1" falsecount="0"/>
      <line num="121" count="2" type="stmt"/>
      <line num="124" count="2" type="stmt"/>
      <line num="130" count="13" type="cond" truecount="1" falsecount="0"/>
      <line num="134" count="2" type="stmt"/>
      <line num="137" count="13" type="cond" truecount="1" falsecount="0"/>
      <line num="141" count="2" type="stmt"/>
      <line num="145" count="64" type="stmt"/>
      <line num="155" count="4" type="cond" truecount="1" falsecount="0"/>
      <line num="156" count="1" type="stmt"/>
      <line num="162" count="3" type="cond" truecount="1" falsecount="0"/>
      <line num="163" count="2" type="stmt"/>
      <line num="166" count="1" type="stmt"/>
      <line num="183" count="3" type="stmt"/>
      <line num="197" count="2" type="stmt"/>
      <line num="198" count="2" type="cond" truecount="4" falsecount="0"/>
      <line num="199" count="1" type="stmt"/>
      <line num="203" count="1" type="cond" truecount="3" falsecount="0"/>
      <line num="204" count="1" type="stmt"/>
      <line num="210" count="2" type="stmt"/>
      <line num="220" count="2" type="stmt"/>
      <line num="233" count="2" type="stmt"/>
      <line num="249" count="2" type="stmt"/>
      <line num="251" count="2" type="stmt"/>
      <line num="265" count="2" type="stmt"/>
      <line num="271" count="6" type="cond" truecount="2" falsecount="0"/>
      <line num="279" count="2" type="stmt"/>
      <line num="283" count="6" type="cond" truecount="1" falsecount="0"/>
      <line num="284" count="1" type="stmt"/>
      <line num="290" count="5" type="cond" truecount="3" falsecount="0"/>
      <line num="291" count="1" type="stmt"/>
      <line num="296" count="4" type="cond" truecount="1" falsecount="0"/>
      <line num="297" count="2" type="cond" truecount="1" falsecount="0"/>
      <line num="298" count="1" type="stmt"/>
      <line num="303" count="1" type="cond" truecount="1" falsecount="0"/>
      <line num="304" count="1" type="stmt"/>
      <line num="311" count="2" type="cond" truecount="3" falsecount="0"/>
      <line num="312" count="1" type="stmt"/>
      <line num="318" count="1" type="stmt"/>
      <line num="325" count="70" type="stmt"/>
      <line num="327" count="126" type="cond" truecount="2" falsecount="0"/>
    </file>
    <file name="types.ts" path="/Users/mamontovdmitrij/WebstormProjects/graphql-mesh-plugins/graphql-mesh-replace-config-transform/src/types.ts">
      <metrics statements="4" coveredstatements="4" conditionals="2" coveredconditionals="2" methods="1" coveredmethods="1"/>
      <line num="17" count="1" type="cond" truecount="2" falsecount="0"/>
      <line num="18" count="1" type="stmt"/>
      <line num="19" count="1" type="stmt"/>
      <line num="20" count="1" type="stmt"/>
    </file>
  </project>
</coverage>
