{"/Users/mamontovdmitrij/WebstormProjects/graphql-mesh-plugins/graphql-mesh-replace-config-transform/src/index.ts": {"path":"/Users/mamontovdmitrij/WebstormProjects/graphql-mesh-plugins/graphql-mesh-replace-config-transform/src/index.ts","statementMap":{"0":{"start":{"line":1,"column":0},"end":{"line":1,"column":null}},"1":{"start":{"line":11,"column":0},"end":{"line":11,"column":60}},"2":{"start":{"line":13,"column":0},"end":{"line":13,"column":null}},"3":{"start":{"line":18,"column":0},"end":{"line":18,"column":null}},"4":{"start":{"line":25,"column":11},"end":{"line":25,"column":35}},"5":{"start":{"line":32,"column":8},"end":{"line":32,"column":30}},"6":{"start":{"line":33,"column":8},"end":{"line":73,"column":10}},"7":{"start":{"line":40,"column":20},"end":{"line":44,"column":null}},"8":{"start":{"line":53,"column":20},"end":{"line":57,"column":null}},"9":{"start":{"line":66,"column":20},"end":{"line":70,"column":null}},"10":{"start":{"line":81,"column":8},"end":{"line":86,"column":10}},"11":{"start":{"line":98,"column":31},"end":{"line":98,"column":67}},"12":{"start":{"line":100,"column":29},"end":{"line":100,"column":40}},"13":{"start":{"line":101,"column":8},"end":{"line":143,"column":9}},"14":{"start":{"line":102,"column":12},"end":{"line":104,"column":13}},"15":{"start":{"line":103,"column":16},"end":{"line":103,"column":96}},"16":{"start":{"line":106,"column":12},"end":{"line":108,"column":13}},"17":{"start":{"line":107,"column":16},"end":{"line":107,"column":94}},"18":{"start":{"line":110,"column":12},"end":{"line":117,"column":13}},"19":{"start":{"line":111,"column":16},"end":{"line":113,"column":17}},"20":{"start":{"line":112,"column":20},"end":{"line":112,"column":94}},"21":{"start":{"line":116,"column":16},"end":{"line":116,"column":90}},"22":{"start":{"line":119,"column":12},"end":{"line":128,"column":13}},"23":{"start":{"line":120,"column":16},"end":{"line":122,"column":17}},"24":{"start":{"line":121,"column":20},"end":{"line":121,"column":93}},"25":{"start":{"line":124,"column":16},"end":{"line":127,"column":18}},"26":{"start":{"line":130,"column":12},"end":{"line":135,"column":13}},"27":{"start":{"line":134,"column":16},"end":{"line":134,"column":94}},"28":{"start":{"line":137,"column":12},"end":{"line":142,"column":13}},"29":{"start":{"line":141,"column":16},"end":{"line":141,"column":94}},"30":{"start":{"line":145,"column":8},"end":{"line":145,"column":30}},"31":{"start":{"line":155,"column":8},"end":{"line":160,"column":9}},"32":{"start":{"line":156,"column":12},"end":{"line":159,"column":14}},"33":{"start":{"line":162,"column":8},"end":{"line":164,"column":9}},"34":{"start":{"line":163,"column":12},"end":{"line":163,"column":78}},"35":{"start":{"line":166,"column":8},"end":{"line":173,"column":10}},"36":{"start":{"line":183,"column":8},"end":{"line":190,"column":10}},"37":{"start":{"line":197,"column":29},"end":{"line":197,"column":40}},"38":{"start":{"line":198,"column":8},"end":{"line":208,"column":9}},"39":{"start":{"line":199,"column":12},"end":{"line":202,"column":21}},"40":{"start":{"line":203,"column":15},"end":{"line":208,"column":9}},"41":{"start":{"line":204,"column":12},"end":{"line":207,"column":21}},"42":{"start":{"line":210,"column":8},"end":{"line":216,"column":10}},"43":{"start":{"line":220,"column":8},"end":{"line":223,"column":37}},"44":{"start":{"line":233,"column":8},"end":{"line":239,"column":10}},"45":{"start":{"line":249,"column":29},"end":{"line":249,"column":40}},"46":{"start":{"line":251,"column":8},"end":{"line":277,"column":9}},"47":{"start":{"line":265,"column":12},"end":{"line":276,"column":37}},"48":{"start":{"line":271,"column":86},"end":{"line":275,"column":18}},"49":{"start":{"line":279,"column":8},"end":{"line":279,"column":30}},"50":{"start":{"line":283,"column":8},"end":{"line":288,"column":9}},"51":{"start":{"line":284,"column":12},"end":{"line":287,"column":14}},"52":{"start":{"line":290,"column":8},"end":{"line":294,"column":9}},"53":{"start":{"line":291,"column":12},"end":{"line":293,"column":14}},"54":{"start":{"line":296,"column":8},"end":{"line":309,"column":9}},"55":{"start":{"line":297,"column":12},"end":{"line":302,"column":13}},"56":{"start":{"line":298,"column":16},"end":{"line":301,"column":18}},"57":{"start":{"line":303,"column":12},"end":{"line":308,"column":13}},"58":{"start":{"line":304,"column":16},"end":{"line":307,"column":18}},"59":{"start":{"line":311,"column":8},"end":{"line":316,"column":9}},"60":{"start":{"line":312,"column":12},"end":{"line":315,"column":14}},"61":{"start":{"line":318,"column":8},"end":{"line":321,"column":10}},"62":{"start":{"line":325,"column":8},"end":{"line":328,"column":10}},"63":{"start":{"line":327,"column":16},"end":{"line":327,"column":92}},"64":{"start":{"line":24,"column":0},"end":{"line":24,"column":21}}},"fnMap":{"0":{"name":"(anonymous_0)","decl":{"start":{"line":31,"column":4},"end":{"line":31,"column":16}},"loc":{"start":{"line":31,"column":70},"end":{"line":74,"column":5}}},"1":{"name":"(anonymous_1)","decl":{"start":{"line":35,"column":16},"end":{"line":35,"column":null}},"loc":{"start":{"line":40,"column":20},"end":{"line":44,"column":null}}},"2":{"name":"(anonymous_2)","decl":{"start":{"line":48,"column":16},"end":{"line":48,"column":null}},"loc":{"start":{"line":53,"column":20},"end":{"line":57,"column":null}}},"3":{"name":"(anonymous_3)","decl":{"start":{"line":61,"column":16},"end":{"line":61,"column":null}},"loc":{"start":{"line":66,"column":20},"end":{"line":70,"column":null}}},"4":{"name":"(anonymous_4)","decl":{"start":{"line":76,"column":4},"end":{"line":76,"column":19}},"loc":{"start":{"line":79,"column":41},"end":{"line":87,"column":5}}},"5":{"name":"(anonymous_5)","decl":{"start":{"line":89,"column":12},"end":{"line":89,"column":19}},"loc":{"start":{"line":96,"column":28},"end":{"line":146,"column":5}}},"6":{"name":"(anonymous_6)","decl":{"start":{"line":148,"column":4},"end":{"line":148,"column":18}},"loc":{"start":{"line":153,"column":37},"end":{"line":174,"column":5}}},"7":{"name":"(anonymous_7)","decl":{"start":{"line":176,"column":4},"end":{"line":176,"column":17}},"loc":{"start":{"line":181,"column":36},"end":{"line":191,"column":5}}},"8":{"name":"(anonymous_8)","decl":{"start":{"line":193,"column":4},"end":{"line":193,"column":15}},"loc":{"start":{"line":195,"column":25},"end":{"line":217,"column":5}}},"9":{"name":"(anonymous_9)","decl":{"start":{"line":219,"column":4},"end":{"line":219,"column":19}},"loc":{"start":{"line":219,"column":68},"end":{"line":224,"column":5}}},"10":{"name":"(anonymous_10)","decl":{"start":{"line":226,"column":4},"end":{"line":226,"column":17}},"loc":{"start":{"line":231,"column":39},"end":{"line":240,"column":5}}},"11":{"name":"(anonymous_11)","decl":{"start":{"line":242,"column":4},"end":{"line":242,"column":17}},"loc":{"start":{"line":247,"column":50},"end":{"line":280,"column":5}}},"12":{"name":"(anonymous_12)","decl":{"start":{"line":271,"column":68},"end":{"line":271,"column":69}},"loc":{"start":{"line":271,"column":86},"end":{"line":275,"column":18}}},"13":{"name":"(anonymous_13)","decl":{"start":{"line":282,"column":4},"end":{"line":282,"column":16}},"loc":{"start":{"line":282,"column":27},"end":{"line":322,"column":5}}},"14":{"name":"(anonymous_14)","decl":{"start":{"line":324,"column":4},"end":{"line":324,"column":14}},"loc":{"start":{"line":324,"column":50},"end":{"line":329,"column":5}}},"15":{"name":"(anonymous_15)","decl":{"start":{"line":326,"column":12},"end":{"line":326,"column":25}},"loc":{"start":{"line":327,"column":16},"end":{"line":327,"column":92}}}},"branchMap":{"0":{"loc":{"start":{"line":102,"column":12},"end":{"line":104,"column":13}},"type":"if","locations":[{"start":{"line":102,"column":12},"end":{"line":104,"column":13}}]},"1":{"loc":{"start":{"line":106,"column":12},"end":{"line":108,"column":13}},"type":"if","locations":[{"start":{"line":106,"column":12},"end":{"line":108,"column":13}}]},"2":{"loc":{"start":{"line":110,"column":12},"end":{"line":117,"column":13}},"type":"if","locations":[{"start":{"line":110,"column":12},"end":{"line":117,"column":13}}]},"3":{"loc":{"start":{"line":111,"column":16},"end":{"line":113,"column":17}},"type":"if","locations":[{"start":{"line":111,"column":16},"end":{"line":113,"column":17}}]},"4":{"loc":{"start":{"line":119,"column":12},"end":{"line":128,"column":13}},"type":"if","locations":[{"start":{"line":119,"column":12},"end":{"line":128,"column":13}}]},"5":{"loc":{"start":{"line":120,"column":16},"end":{"line":122,"column":17}},"type":"if","locations":[{"start":{"line":120,"column":16},"end":{"line":122,"column":17}}]},"6":{"loc":{"start":{"line":130,"column":12},"end":{"line":135,"column":13}},"type":"if","locations":[{"start":{"line":130,"column":12},"end":{"line":135,"column":13}}]},"7":{"loc":{"start":{"line":131,"column":16},"end":{"line":132,"column":64}},"type":"binary-expr","locations":[{"start":{"line":131,"column":16},"end":{"line":131,"column":54}},{"start":{"line":132,"column":16},"end":{"line":132,"column":64}}]},"8":{"loc":{"start":{"line":137,"column":12},"end":{"line":142,"column":13}},"type":"if","locations":[{"start":{"line":137,"column":12},"end":{"line":142,"column":13}}]},"9":{"loc":{"start":{"line":138,"column":16},"end":{"line":139,"column":64}},"type":"binary-expr","locations":[{"start":{"line":138,"column":16},"end":{"line":138,"column":54}},{"start":{"line":139,"column":16},"end":{"line":139,"column":64}}]},"10":{"loc":{"start":{"line":155,"column":8},"end":{"line":160,"column":9}},"type":"if","locations":[{"start":{"line":155,"column":8},"end":{"line":160,"column":9}}]},"11":{"loc":{"start":{"line":162,"column":8},"end":{"line":164,"column":9}},"type":"if","locations":[{"start":{"line":162,"column":8},"end":{"line":164,"column":9}}]},"12":{"loc":{"start":{"line":185,"column":31},"end":{"line":189,"column":22}},"type":"cond-expr","locations":[{"start":{"line":186,"column":18},"end":{"line":188,"column":32}},{"start":{"line":189,"column":18},"end":{"line":189,"column":22}}]},"13":{"loc":{"start":{"line":186,"column":18},"end":{"line":188,"column":32}},"type":"cond-expr","locations":[{"start":{"line":187,"column":22},"end":{"line":187,"column":34}},{"start":{"line":188,"column":22},"end":{"line":188,"column":32}}]},"14":{"loc":{"start":{"line":198,"column":8},"end":{"line":208,"column":9}},"type":"if","locations":[{"start":{"line":198,"column":8},"end":{"line":208,"column":9}},{"start":{"line":203,"column":15},"end":{"line":208,"column":9}}]},"15":{"loc":{"start":{"line":198,"column":12},"end":{"line":198,"column":69}},"type":"binary-expr","locations":[{"start":{"line":198,"column":12},"end":{"line":198,"column":20}},{"start":{"line":198,"column":24},"end":{"line":198,"column":69}}]},"16":{"loc":{"start":{"line":203,"column":15},"end":{"line":208,"column":9}},"type":"if","locations":[{"start":{"line":203,"column":15},"end":{"line":208,"column":9}}]},"17":{"loc":{"start":{"line":203,"column":19},"end":{"line":203,"column":80}},"type":"binary-expr","locations":[{"start":{"line":203,"column":19},"end":{"line":203,"column":28}},{"start":{"line":203,"column":32},"end":{"line":203,"column":80}}]},"18":{"loc":{"start":{"line":271,"column":42},"end":{"line":271,"column":62}},"type":"binary-expr","locations":[{"start":{"line":271,"column":42},"end":{"line":271,"column":56}},{"start":{"line":271,"column":60},"end":{"line":271,"column":62}}]},"19":{"loc":{"start":{"line":283,"column":8},"end":{"line":288,"column":9}},"type":"if","locations":[{"start":{"line":283,"column":8},"end":{"line":288,"column":9}}]},"20":{"loc":{"start":{"line":290,"column":8},"end":{"line":294,"column":9}},"type":"if","locations":[{"start":{"line":290,"column":8},"end":{"line":294,"column":9}}]},"21":{"loc":{"start":{"line":290,"column":12},"end":{"line":290,"column":38}},"type":"binary-expr","locations":[{"start":{"line":290,"column":12},"end":{"line":290,"column":18}},{"start":{"line":290,"column":22},"end":{"line":290,"column":38}}]},"22":{"loc":{"start":{"line":296,"column":8},"end":{"line":309,"column":9}},"type":"if","locations":[{"start":{"line":296,"column":8},"end":{"line":309,"column":9}}]},"23":{"loc":{"start":{"line":297,"column":12},"end":{"line":302,"column":13}},"type":"if","locations":[{"start":{"line":297,"column":12},"end":{"line":302,"column":13}}]},"24":{"loc":{"start":{"line":303,"column":12},"end":{"line":308,"column":13}},"type":"if","locations":[{"start":{"line":303,"column":12},"end":{"line":308,"column":13}}]},"25":{"loc":{"start":{"line":311,"column":8},"end":{"line":316,"column":9}},"type":"if","locations":[{"start":{"line":311,"column":8},"end":{"line":316,"column":9}}]},"26":{"loc":{"start":{"line":311,"column":12},"end":{"line":311,"column":60}},"type":"binary-expr","locations":[{"start":{"line":311,"column":12},"end":{"line":311,"column":36}},{"start":{"line":311,"column":40},"end":{"line":311,"column":60}}]},"27":{"loc":{"start":{"line":327,"column":16},"end":{"line":327,"column":92}},"type":"binary-expr","locations":[{"start":{"line":327,"column":16},"end":{"line":327,"column":51}},{"start":{"line":327,"column":55},"end":{"line":327,"column":92}}]}},"s":{"0":1,"1":1,"2":1,"3":1,"4":9,"5":9,"6":9,"7":32,"8":24,"9":14,"10":12,"11":70,"12":70,"13":70,"14":19,"15":4,"16":17,"17":3,"18":17,"19":4,"20":2,"21":2,"22":15,"23":4,"24":2,"25":2,"26":13,"27":2,"28":13,"29":2,"30":64,"31":4,"32":1,"33":3,"34":2,"35":1,"36":3,"37":2,"38":2,"39":1,"40":1,"41":1,"42":2,"43":2,"44":2,"45":2,"46":2,"47":2,"48":6,"49":2,"50":6,"51":1,"52":5,"53":1,"54":4,"55":2,"56":1,"57":1,"58":1,"59":2,"60":1,"61":1,"62":70,"63":126,"64":1},"f":{"0":9,"1":32,"2":24,"3":14,"4":12,"5":70,"6":4,"7":3,"8":2,"9":2,"10":2,"11":2,"12":6,"13":6,"14":70,"15":126},"b":{"0":[4],"1":[3],"2":[4],"3":[2],"4":[4],"5":[2],"6":[2],"7":[13,2],"8":[2],"9":[13,2],"10":[1],"11":[2],"12":[2,1],"13":[1,1],"14":[1,1],"15":[2,1],"16":[1],"17":[1,1],"18":[2,1],"19":[1],"20":[1],"21":[5,4],"22":[2],"23":[1],"24":[1],"25":[1],"26":[2,1],"27":[126,39]}}
,"/Users/mamontovdmitrij/WebstormProjects/graphql-mesh-plugins/graphql-mesh-replace-config-transform/src/types.ts": {"path":"/Users/mamontovdmitrij/WebstormProjects/graphql-mesh-plugins/graphql-mesh-replace-config-transform/src/types.ts","statementMap":{"0":{"start":{"line":17,"column":0},"end":{"line":17,"column":null}},"1":{"start":{"line":18,"column":4},"end":{"line":18,"column":null}},"2":{"start":{"line":19,"column":4},"end":{"line":19,"column":null}},"3":{"start":{"line":20,"column":4},"end":{"line":20,"column":null}}},"fnMap":{"0":{"name":"(anonymous_0)","decl":{"start":{"line":17,"column":0},"end":{"line":17,"column":12}},"loc":{"start":{"line":17,"column":21},"end":{"line":21,"column":1}}}},"branchMap":{"0":{"loc":{"start":{"line":17,"column":12},"end":{"line":17,"column":null}},"type":"binary-expr","locations":[{"start":{"line":17,"column":12},"end":{"line":17,"column":21}},{"start":{"line":17,"column":21},"end":{"line":17,"column":null}}]}},"s":{"0":1,"1":1,"2":1,"3":1},"f":{"0":1},"b":{"0":[1,1]}}
}
