TN:
SF:src/index.ts
FN:31,(anonymous_0)
FN:35,(anonymous_1)
FN:48,(anonymous_2)
FN:61,(anonymous_3)
FN:76,(anonymous_4)
FN:89,(anonymous_5)
FN:148,(anonymous_6)
FN:176,(anonymous_7)
FN:193,(anonymous_8)
FN:219,(anonymous_9)
FN:226,(anonymous_10)
FN:242,(anonymous_11)
FN:271,(anonymous_12)
FN:282,(anonymous_13)
FN:324,(anonymous_14)
FN:326,(anonymous_15)
FNF:16
FNH:16
FNDA:9,(anonymous_0)
FNDA:32,(anonymous_1)
FNDA:24,(anonymous_2)
FNDA:14,(anonymous_3)
FNDA:12,(anonymous_4)
FNDA:70,(anonymous_5)
FNDA:4,(anonymous_6)
FNDA:3,(anonymous_7)
FNDA:2,(anonymous_8)
FNDA:2,(anonymous_9)
FNDA:2,(anonymous_10)
FNDA:2,(anonymous_11)
FNDA:6,(anonymous_12)
FNDA:6,(anonymous_13)
FNDA:70,(anonymous_14)
FNDA:126,(anonymous_15)
DA:1,1
DA:11,1
DA:13,1
DA:18,1
DA:24,1
DA:25,9
DA:32,9
DA:33,9
DA:40,32
DA:53,24
DA:66,14
DA:81,12
DA:98,70
DA:100,70
DA:101,70
DA:102,19
DA:103,4
DA:106,17
DA:107,3
DA:110,17
DA:111,4
DA:112,2
DA:116,2
DA:119,15
DA:120,4
DA:121,2
DA:124,2
DA:130,13
DA:134,2
DA:137,13
DA:141,2
DA:145,64
DA:155,4
DA:156,1
DA:162,3
DA:163,2
DA:166,1
DA:183,3
DA:197,2
DA:198,2
DA:199,1
DA:203,1
DA:204,1
DA:210,2
DA:220,2
DA:233,2
DA:249,2
DA:251,2
DA:265,2
DA:271,6
DA:279,2
DA:283,6
DA:284,1
DA:290,5
DA:291,1
DA:296,4
DA:297,2
DA:298,1
DA:303,1
DA:304,1
DA:311,2
DA:312,1
DA:318,1
DA:325,70
DA:327,126
LF:65
LH:65
BRDA:102,0,0,4
BRDA:106,1,0,3
BRDA:110,2,0,4
BRDA:111,3,0,2
BRDA:119,4,0,4
BRDA:120,5,0,2
BRDA:130,6,0,2
BRDA:131,7,0,13
BRDA:131,7,1,2
BRDA:137,8,0,2
BRDA:138,9,0,13
BRDA:138,9,1,2
BRDA:155,10,0,1
BRDA:162,11,0,2
BRDA:185,12,0,2
BRDA:185,12,1,1
BRDA:186,13,0,1
BRDA:186,13,1,1
BRDA:198,14,0,1
BRDA:198,14,1,1
BRDA:198,15,0,2
BRDA:198,15,1,1
BRDA:203,16,0,1
BRDA:203,17,0,1
BRDA:203,17,1,1
BRDA:271,18,0,2
BRDA:271,18,1,1
BRDA:283,19,0,1
BRDA:290,20,0,1
BRDA:290,21,0,5
BRDA:290,21,1,4
BRDA:296,22,0,2
BRDA:297,23,0,1
BRDA:303,24,0,1
BRDA:311,25,0,1
BRDA:311,26,0,2
BRDA:311,26,1,1
BRDA:327,27,0,126
BRDA:327,27,1,39
BRF:39
BRH:39
end_of_record
TN:
SF:src/types.ts
FN:17,(anonymous_0)
FNF:1
FNH:1
FNDA:1,(anonymous_0)
DA:17,1
DA:18,1
DA:19,1
DA:20,1
LF:4
LH:4
BRDA:17,0,0,1
BRDA:17,0,1,1
BRF:2
BRH:2
end_of_record
